<?xml version="1.0" encoding="UTF-8"?>
<robot generator="Robot 3.1.2 (Python 3.6.5 on win32)" generated="20200320 14:39:54.499" rpa="false">
<suite id="s1" name="Built In" source="C:\development\robot-scripts\front-office\tests\Built_In.robot">
<test id="s1-t1" name="Declare and set variables">
<kw name="Set Variable" library="BuiltIn">
<doc>Returns the given values which can then be assigned to a variables.</doc>
<arguments>
<arg>This is only available within this test</arg>
</arguments>
<assign>
<var>${some_test_data}</var>
</assign>
<msg timestamp="20200320 14:39:54.790" level="INFO">${some_test_data} = This is only available within this test</msg>
<status status="PASS" starttime="20200320 14:39:54.790" endtime="20200320 14:39:54.790"></status>
</kw>
<kw name="Set Test Variable" library="BuiltIn">
<doc>Makes a variable available everywhere within the scope of the current test.</doc>
<arguments>
<arg>${more_test_data}</arg>
<arg>This is also only available within this test</arg>
</arguments>
<msg timestamp="20200320 14:39:54.790" level="INFO">${more_test_data} = This is also only available within this test</msg>
<status status="PASS" starttime="20200320 14:39:54.790" endtime="20200320 14:39:54.790"></status>
</kw>
<kw name="Set Suite Variable" library="BuiltIn">
<doc>Makes a variable available everywhere within the scope of the current suite.</doc>
<arguments>
<arg>${some_suite_data}</arg>
<arg>This is available within all tests in this suite</arg>
</arguments>
<msg timestamp="20200320 14:39:54.790" level="INFO">${some_suite_data} = This is available within all tests in this suite</msg>
<status status="PASS" starttime="20200320 14:39:54.790" endtime="20200320 14:39:54.790"></status>
</kw>
<kw name="Set Global Variable" library="BuiltIn">
<doc>Makes a variable available globally in all tests and suites.</doc>
<arguments>
<arg>${SOME_GLOBAL_DATA}</arg>
<arg>This available everywhere</arg>
</arguments>
<msg timestamp="20200320 14:39:54.790" level="INFO">${SOME_GLOBAL_DATA} = This available everywhere</msg>
<status status="PASS" starttime="20200320 14:39:54.790" endtime="20200320 14:39:54.790"></status>
</kw>
<status status="PASS" starttime="20200320 14:39:54.790" endtime="20200320 14:39:54.790" critical="yes"></status>
</test>
<test id="s1-t2" name="Logging stuff">
<kw name="Comment" library="BuiltIn">
<doc>Displays the given messages in the log file as keyword arguments.</doc>
<arguments>
<arg>${unset_variable}</arg>
</arguments>
<status status="PASS" starttime="20200320 14:39:54.806" endtime="20200320 14:39:54.806"></status>
</kw>
<kw name="Comment" library="BuiltIn">
<doc>Displays the given messages in the log file as keyword arguments.</doc>
<arguments>
<arg>Just a random comment</arg>
</arguments>
<status status="PASS" starttime="20200320 14:39:54.806" endtime="20200320 14:39:54.806"></status>
</kw>
<kw name="Comment" library="BuiltIn">
<doc>Displays the given messages in the log file as keyword arguments.</doc>
<arguments>
<arg>${GLOBAL1}</arg>
</arguments>
<status status="PASS" starttime="20200320 14:39:54.806" endtime="20200320 14:39:54.806"></status>
</kw>
<kw name="Log" library="BuiltIn">
<doc>Logs the given message with the given level.</doc>
<arguments>
<arg>I have something to say</arg>
</arguments>
<msg timestamp="20200320 14:39:54.806" level="INFO">I have something to say</msg>
<status status="PASS" starttime="20200320 14:39:54.806" endtime="20200320 14:39:54.806"></status>
</kw>
<kw name="Log Many" library="BuiltIn">
<doc>Logs the given messages as separate entries using the INFO level.</doc>
<arguments>
<arg>Something to say 1</arg>
<arg>Something to say 2</arg>
<arg>Something to say 3</arg>
</arguments>
<msg timestamp="20200320 14:39:54.806" level="INFO">Something to say 1</msg>
<msg timestamp="20200320 14:39:54.806" level="INFO">Something to say 2</msg>
<msg timestamp="20200320 14:39:54.806" level="INFO">Something to say 3</msg>
<status status="PASS" starttime="20200320 14:39:54.806" endtime="20200320 14:39:54.806"></status>
</kw>
<kw name="Log To Console" library="BuiltIn">
<doc>Logs the given message to the console.</doc>
<arguments>
<arg>This can only be seen in the console, not the log!</arg>
</arguments>
<status status="PASS" starttime="20200320 14:39:54.806" endtime="20200320 14:39:54.806"></status>
</kw>
<kw name="Log Variables" library="BuiltIn">
<doc>Logs all variables in the current scope with given log level.</doc>
<msg timestamp="20200320 14:39:54.806" level="INFO">${/} = \</msg>
<msg timestamp="20200320 14:39:54.806" level="INFO">${:} = ;</msg>
<msg timestamp="20200320 14:39:54.806" level="INFO">${\n} = 
</msg>
<msg timestamp="20200320 14:39:54.806" level="INFO">${DEBUG_FILE} = NONE</msg>
<msg timestamp="20200320 14:39:54.806" level="INFO">${EXECDIR} = C:\development\robot-scripts\front-office</msg>
<msg timestamp="20200320 14:39:54.806" level="INFO">${False} = False</msg>
<msg timestamp="20200320 14:39:54.806" level="INFO">${GLOBAL1} = I am global variable 1</msg>
<msg timestamp="20200320 14:39:54.806" level="INFO">${LOG_FILE} = C:\development\robot-scripts\front-office\results\built-in\log.html</msg>
<msg timestamp="20200320 14:39:54.806" level="INFO">${LOG_LEVEL} = INFO</msg>
<msg timestamp="20200320 14:39:54.806" level="INFO">${None} = None</msg>
<msg timestamp="20200320 14:39:54.806" level="INFO">${null} = None</msg>
<msg timestamp="20200320 14:39:54.806" level="INFO">${OUTPUT_DIR} = C:\development\robot-scripts\front-office\results\built-in</msg>
<msg timestamp="20200320 14:39:54.806" level="INFO">${OUTPUT_FILE} = C:\development\robot-scripts\front-office\results\built-in\output.xml</msg>
<msg timestamp="20200320 14:39:54.806" level="INFO">${PREV_TEST_MESSAGE} = </msg>
<msg timestamp="20200320 14:39:54.806" level="INFO">${PREV_TEST_NAME} = Declare and set variables</msg>
<msg timestamp="20200320 14:39:54.806" level="INFO">${PREV_TEST_STATUS} = PASS</msg>
<msg timestamp="20200320 14:39:54.806" level="INFO">${REPORT_FILE} = C:\development\robot-scripts\front-office\results\built-in\report.html</msg>
<msg timestamp="20200320 14:39:54.806" level="INFO">${SOME_GLOBAL_DATA} = This available everywhere</msg>
<msg timestamp="20200320 14:39:54.806" level="INFO">${some_suite_data} = This is available within all tests in this suite</msg>
<msg timestamp="20200320 14:39:54.806" level="INFO">${SPACE} =  </msg>
<msg timestamp="20200320 14:39:54.806" level="INFO">${SUITE_DOCUMENTATION} = Checking out the built-in library</msg>
<msg timestamp="20200320 14:39:54.806" level="INFO">&amp;{SUITE_METADATA} = { }</msg>
<msg timestamp="20200320 14:39:54.806" level="INFO">${SUITE_NAME} = Built In</msg>
<msg timestamp="20200320 14:39:54.806" level="INFO">${SUITE_SOURCE} = C:\development\robot-scripts\front-office\tests\Built_In.robot</msg>
<msg timestamp="20200320 14:39:54.806" level="INFO">${TEMPDIR} = C:\Users\hp\AppData\Local\Temp</msg>
<msg timestamp="20200320 14:39:54.806" level="INFO">${TEST_DOCUMENTATION} = </msg>
<msg timestamp="20200320 14:39:54.806" level="INFO">${TEST_NAME} = Logging stuff</msg>
<msg timestamp="20200320 14:39:54.806" level="INFO">@{TEST_TAGS} = [ BuiltIn ]</msg>
<msg timestamp="20200320 14:39:54.806" level="INFO">${True} = True</msg>
<status status="PASS" starttime="20200320 14:39:54.806" endtime="20200320 14:39:54.806"></status>
</kw>
<kw name="Log" library="BuiltIn">
<doc>Logs the given message with the given level.</doc>
<arguments>
<arg>${some_suite_data}</arg>
</arguments>
<msg timestamp="20200320 14:39:54.806" level="INFO">This is available within all tests in this suite</msg>
<status status="PASS" starttime="20200320 14:39:54.806" endtime="20200320 14:39:54.806"></status>
</kw>
<kw name="Log" library="BuiltIn">
<doc>Logs the given message with the given level.</doc>
<arguments>
<arg>${GLOBAL1}</arg>
</arguments>
<msg timestamp="20200320 14:39:54.806" level="INFO">I am global variable 1</msg>
<status status="PASS" starttime="20200320 14:39:54.806" endtime="20200320 14:39:54.806"></status>
</kw>
<kw name="Log" library="BuiltIn">
<doc>Logs the given message with the given level.</doc>
<arguments>
<arg>${SOME_GLOBAL_DATA}</arg>
</arguments>
<msg timestamp="20200320 14:39:54.821" level="INFO">This available everywhere</msg>
<status status="PASS" starttime="20200320 14:39:54.806" endtime="20200320 14:39:54.821"></status>
</kw>
<tags>
<tag>BuiltIn</tag>
</tags>
<status status="PASS" starttime="20200320 14:39:54.806" endtime="20200320 14:39:54.821" critical="yes"></status>
</test>
<test id="s1-t3" name="Ignore failures in this test">
<kw name="Open Browser" library="SeleniumLibrary">
<doc>Opens a new browser instance to the optional ``url``.</doc>
<arguments>
<arg>http://www.amazon.com</arg>
<arg>ie</arg>
</arguments>
<msg timestamp="20200320 14:39:54.821" level="INFO">Opening browser 'ie' to base url 'http://www.amazon.com'.</msg>
<status status="PASS" starttime="20200320 14:39:54.821" endtime="20200320 14:40:03.828"></status>
</kw>
<kw name="Run Keyword And Continue On Failure" library="BuiltIn">
<doc>Runs the keyword and continues execution even if a failure occurs.</doc>
<arguments>
<arg>Wait Until Page Contains</arg>
<arg>Your Amazon.com</arg>
</arguments>
<kw name="Wait Until Page Contains" library="SeleniumLibrary">
<doc>Waits until ``text`` appears on the current page.</doc>
<arguments>
<arg>Your Amazon.com</arg>
</arguments>
<status status="PASS" starttime="20200320 14:40:03.828" endtime="20200320 14:40:04.047"></status>
</kw>
<status status="PASS" starttime="20200320 14:40:03.828" endtime="20200320 14:40:04.047"></status>
</kw>
<kw name="Sleep" library="BuiltIn">
<doc>Pauses the test executed for the given time.</doc>
<arguments>
<arg>3s</arg>
</arguments>
<msg timestamp="20200320 14:40:07.062" level="INFO">Slept 3 seconds</msg>
<status status="PASS" starttime="20200320 14:40:04.047" endtime="20200320 14:40:07.062"></status>
</kw>
<kw name="Run Keyword And Continue On Failure" library="BuiltIn">
<doc>Runs the keyword and continues execution even if a failure occurs.</doc>
<arguments>
<arg>Wait Until Page Contains</arg>
<arg>AmazonBasics</arg>
</arguments>
<kw name="Wait Until Page Contains" library="SeleniumLibrary">
<doc>Waits until ``text`` appears on the current page.</doc>
<arguments>
<arg>AmazonBasics</arg>
</arguments>
<status status="PASS" starttime="20200320 14:40:07.062" endtime="20200320 14:40:07.237"></status>
</kw>
<status status="PASS" starttime="20200320 14:40:07.062" endtime="20200320 14:40:07.237"></status>
</kw>
<kw name="Sleep" library="BuiltIn">
<doc>Pauses the test executed for the given time.</doc>
<arguments>
<arg>3s</arg>
</arguments>
<msg timestamp="20200320 14:40:10.240" level="INFO">Slept 3 seconds</msg>
<status status="PASS" starttime="20200320 14:40:07.237" endtime="20200320 14:40:10.240"></status>
</kw>
<kw name="Log" library="BuiltIn">
<doc>Logs the given message with the given level.</doc>
<arguments>
<arg>${some_suite_data}</arg>
</arguments>
<msg timestamp="20200320 14:40:10.240" level="INFO">This is available within all tests in this suite</msg>
<status status="PASS" starttime="20200320 14:40:10.240" endtime="20200320 14:40:10.240"></status>
</kw>
<kw name="Log" library="BuiltIn">
<doc>Logs the given message with the given level.</doc>
<arguments>
<arg>${GLOBAL1}</arg>
</arguments>
<msg timestamp="20200320 14:40:10.240" level="INFO">I am global variable 1</msg>
<status status="PASS" starttime="20200320 14:40:10.240" endtime="20200320 14:40:10.240"></status>
</kw>
<kw name="Log" library="BuiltIn">
<doc>Logs the given message with the given level.</doc>
<arguments>
<arg>${SOME_GLOBAL_DATA}</arg>
</arguments>
<msg timestamp="20200320 14:40:10.240" level="INFO">This available everywhere</msg>
<status status="PASS" starttime="20200320 14:40:10.240" endtime="20200320 14:40:10.240"></status>
</kw>
<kw name="Close Browser" library="SeleniumLibrary">
<doc>Closes the current browser.</doc>
<status status="PASS" starttime="20200320 14:40:10.261" endtime="20200320 14:40:13.400"></status>
</kw>
<tags>
<tag>BuiltIn</tag>
</tags>
<status status="PASS" starttime="20200320 14:39:54.821" endtime="20200320 14:40:13.402" critical="yes"></status>
</test>
<test id="s1-t4" name="Repeat things">
<kw name="Repeat Keyword" library="BuiltIn">
<doc>Executes the specified keyword multiple times.</doc>
<arguments>
<arg>3 Times</arg>
<arg>Say Something Funny</arg>
</arguments>
<msg timestamp="20200320 14:40:13.408" level="INFO">Repeating keyword, round 1/3.</msg>
<kw name="Say something funny">
<kw name="Log" library="BuiltIn">
<doc>Logs the given message with the given level.</doc>
<arguments>
<arg>These pretzels are making me thirsty...</arg>
</arguments>
<msg timestamp="20200320 14:40:13.410" level="INFO">These pretzels are making me thirsty...</msg>
<status status="PASS" starttime="20200320 14:40:13.409" endtime="20200320 14:40:13.410"></status>
</kw>
<status status="PASS" starttime="20200320 14:40:13.408" endtime="20200320 14:40:13.410"></status>
</kw>
<msg timestamp="20200320 14:40:13.411" level="INFO">Repeating keyword, round 2/3.</msg>
<kw name="Say something funny">
<kw name="Log" library="BuiltIn">
<doc>Logs the given message with the given level.</doc>
<arguments>
<arg>These pretzels are making me thirsty...</arg>
</arguments>
<msg timestamp="20200320 14:40:13.412" level="INFO">These pretzels are making me thirsty...</msg>
<status status="PASS" starttime="20200320 14:40:13.412" endtime="20200320 14:40:13.413"></status>
</kw>
<status status="PASS" starttime="20200320 14:40:13.411" endtime="20200320 14:40:13.413"></status>
</kw>
<msg timestamp="20200320 14:40:13.413" level="INFO">Repeating keyword, round 3/3.</msg>
<kw name="Say something funny">
<kw name="Log" library="BuiltIn">
<doc>Logs the given message with the given level.</doc>
<arguments>
<arg>These pretzels are making me thirsty...</arg>
</arguments>
<msg timestamp="20200320 14:40:13.415" level="INFO">These pretzels are making me thirsty...</msg>
<status status="PASS" starttime="20200320 14:40:13.414" endtime="20200320 14:40:13.415"></status>
</kw>
<status status="PASS" starttime="20200320 14:40:13.413" endtime="20200320 14:40:13.416"></status>
</kw>
<status status="PASS" starttime="20200320 14:40:13.407" endtime="20200320 14:40:13.416"></status>
</kw>
<kw name="Log" library="BuiltIn">
<doc>Logs the given message with the given level.</doc>
<arguments>
<arg>${some_suite_data}</arg>
</arguments>
<msg timestamp="20200320 14:40:13.418" level="INFO">This is available within all tests in this suite</msg>
<status status="PASS" starttime="20200320 14:40:13.417" endtime="20200320 14:40:13.418"></status>
</kw>
<kw name="Log" library="BuiltIn">
<doc>Logs the given message with the given level.</doc>
<arguments>
<arg>${GLOBAL1}</arg>
</arguments>
<msg timestamp="20200320 14:40:13.420" level="INFO">I am global variable 1</msg>
<status status="PASS" starttime="20200320 14:40:13.419" endtime="20200320 14:40:13.420"></status>
</kw>
<kw name="Log" library="BuiltIn">
<doc>Logs the given message with the given level.</doc>
<arguments>
<arg>${SOME_GLOBAL_DATA}</arg>
</arguments>
<msg timestamp="20200320 14:40:13.422" level="INFO">This available everywhere</msg>
<status status="PASS" starttime="20200320 14:40:13.421" endtime="20200320 14:40:13.422"></status>
</kw>
<status status="PASS" starttime="20200320 14:40:13.405" endtime="20200320 14:40:13.423" critical="yes"></status>
</test>
<doc>Checking out the built-in library</doc>
<status status="PASS" starttime="20200320 14:39:54.499" endtime="20200320 14:40:13.427"></status>
</suite>
<statistics>
<total>
<stat pass="4" fail="0">Critical Tests</stat>
<stat pass="4" fail="0">All Tests</stat>
</total>
<tag>
<stat pass="2" fail="0">BuiltIn</stat>
</tag>
<suite>
<stat pass="4" fail="0" id="s1" name="Built In">Built In</stat>
</suite>
</statistics>
<errors>
</errors>
</robot>
