<?xml version="1.0" encoding="UTF-8"?>
<robot generator="Robot 3.1.2 (Python 3.6.5 on win32)" generated="20200320 17:13:26.872" rpa="false">
<suite id="s1" name="API Tests" source="C:\development\robot-scripts\front-office\tests\API_Tests.robot">
<test id="s1-t1" name="Make a simple REST API call">
<kw name="Check Github Username" library="Github">
<kw name="Create Session" library="RequestsLibrary">
<doc>Create Session: create a HTTP session to a server</doc>
<arguments>
<arg>my_github_session</arg>
<arg>https://api.github.com</arg>
</arguments>
<msg timestamp="20200320 17:13:27.273" level="INFO">Creating Session using : alias=my_github_session, url=https://api.github.com, headers={},                     cookies={}, auth=None, timeout=None, proxies=None, verify=False,                     debug=0 </msg>
<status status="PASS" starttime="20200320 17:13:27.272" endtime="20200320 17:13:27.273"></status>
</kw>
<kw name="Get Request" library="RequestsLibrary">
<doc>Send a GET request on the session object found using the
given `alias`</doc>
<arguments>
<arg>my_github_session</arg>
<arg>users/robotframeworktutorial</arg>
</arguments>
<assign>
<var>${response}</var>
</assign>
<msg timestamp="20200320 17:13:27.274" level="INFO">GET Request using : uri=users/robotframeworktutorial, params=None, allow_redirects=True, timeout=None
headers={'User-Agent': 'python-requests/2.22.0', 'Accept-Encoding': 'gzip, deflate', 'Accept': '*/*', 'Connection': 'keep-alive'} 
data=None 
json=None</msg>
<msg timestamp="20200320 17:13:28.285" level="INFO">c:\users\hp\appdata\local\programs\python\python36\lib\site-packages\urllib3\connectionpool.py:1004: InsecureRequestWarning: Unverified HTTPS request is being made. Adding certificate verification is strongly advised. See: https://urllib3.readthedocs.io/en/latest/advanced-usage.html#ssl-warnings
  InsecureRequestWarning,</msg>
<msg timestamp="20200320 17:13:28.286" level="INFO">${response} = &lt;Response [200]&gt;</msg>
<status status="PASS" starttime="20200320 17:13:27.273" endtime="20200320 17:13:28.286"></status>
</kw>
<kw name="Should Be Equal As Strings" library="BuiltIn">
<doc>Fails if objects are unequal after converting them to strings.</doc>
<arguments>
<arg>${response.status_code}</arg>
<arg>200</arg>
</arguments>
<msg timestamp="20200320 17:13:28.288" level="INFO">Argument types are:
&lt;class 'int'&gt;
&lt;type 'unicode'&gt;</msg>
<status status="PASS" starttime="20200320 17:13:28.287" endtime="20200320 17:13:28.288"></status>
</kw>
<kw name="Set Variable" library="BuiltIn">
<doc>Returns the given values which can then be assigned to a variables.</doc>
<arguments>
<arg>${response.json()}</arg>
</arguments>
<assign>
<var>${json}</var>
</assign>
<msg timestamp="20200320 17:13:28.290" level="INFO">${json} = {'login': 'robotframeworktutorial', 'id': 12807727, 'node_id': 'MDQ6VXNlcjEyODA3NzI3', 'avatar_url': 'https://avatars2.githubusercontent.com/u/12807727?v=4', 'gravatar_id': '', 'url': 'https://api.git...</msg>
<status status="PASS" starttime="20200320 17:13:28.289" endtime="20200320 17:13:28.290"></status>
</kw>
<kw name="Should Be Equal As Strings" library="BuiltIn">
<doc>Fails if objects are unequal after converting them to strings.</doc>
<arguments>
<arg>${json['login']}</arg>
<arg>robotframeworktutorial</arg>
</arguments>
<status status="PASS" starttime="20200320 17:13:28.291" endtime="20200320 17:13:28.292"></status>
</kw>
<kw name="Log" library="BuiltIn">
<doc>Logs the given message with the given level.</doc>
<arguments>
<arg>${json}</arg>
</arguments>
<msg timestamp="20200320 17:13:28.293" level="INFO">{'login': 'robotframeworktutorial', 'id': 12807727, 'node_id': 'MDQ6VXNlcjEyODA3NzI3', 'avatar_url': 'https://avatars2.githubusercontent.com/u/12807727?v=4', 'gravatar_id': '', 'url': 'https://api.github.com/users/robotframeworktutorial', 'html_url': 'https://github.com/robotframeworktutorial', 'followers_url': 'https://api.github.com/users/robotframeworktutorial/followers', 'following_url': 'https://api.github.com/users/robotframeworktutorial/following{/other_user}', 'gists_url': 'https://api.github.com/users/robotframeworktutorial/gists{/gist_id}', 'starred_url': 'https://api.github.com/users/robotframeworktutorial/starred{/owner}{/repo}', 'subscriptions_url': 'https://api.github.com/users/robotframeworktutorial/subscriptions', 'organizations_url': 'https://api.github.com/users/robotframeworktutorial/orgs', 'repos_url': 'https://api.github.com/users/robotframeworktutorial/repos', 'events_url': 'https://api.github.com/users/robotframeworktutorial/events{/privacy}', 'received_events_url': 'https://api.github.com/users/robotframeworktutorial/received_events', 'type': 'User', 'site_admin': False, 'name': 'Bryan Lamb', 'company': 'RobotFrameworkTutorial.com', 'blog': 'http://www.robotframeworktutorial.com', 'location': 'Southern California', 'email': None, 'hireable': None, 'bio': 'Visionary tech leader with 20 years software development experience.', 'public_repos': 1, 'public_gists': 0, 'followers': 8, 'following': 0, 'created_at': '2015-06-09T04:10:30Z', 'updated_at': '2018-05-08T23:55:40Z'}</msg>
<status status="PASS" starttime="20200320 17:13:28.292" endtime="20200320 17:13:28.293"></status>
</kw>
<status status="PASS" starttime="20200320 17:13:27.272" endtime="20200320 17:13:28.294"></status>
</kw>
<tags>
<tag>API</tag>
</tags>
<status status="PASS" starttime="20200320 17:13:27.271" endtime="20200320 17:13:28.295" critical="yes"></status>
</test>
<test id="s1-t2" name="Display emoji from Github">
<kw name="Display Emoji" library="Github">
<kw name="Create Session" library="RequestsLibrary">
<doc>Create Session: create a HTTP session to a server</doc>
<arguments>
<arg>my_github_session</arg>
<arg>https://api.github.com</arg>
</arguments>
<msg timestamp="20200320 17:13:28.304" level="INFO">Creating Session using : alias=my_github_session, url=https://api.github.com, headers={},                     cookies={}, auth=None, timeout=None, proxies=None, verify=False,                     debug=0 </msg>
<status status="PASS" starttime="20200320 17:13:28.303" endtime="20200320 17:13:28.305"></status>
</kw>
<kw name="Get Request" library="RequestsLibrary">
<doc>Send a GET request on the session object found using the
given `alias`</doc>
<arguments>
<arg>my_github_session</arg>
<arg>emojis</arg>
</arguments>
<assign>
<var>${response}</var>
</assign>
<msg timestamp="20200320 17:13:28.307" level="INFO">GET Request using : uri=emojis, params=None, allow_redirects=True, timeout=None
headers={'User-Agent': 'python-requests/2.22.0', 'Accept-Encoding': 'gzip, deflate', 'Accept': '*/*', 'Connection': 'keep-alive'} 
data=None 
json=None</msg>
<msg timestamp="20200320 17:13:29.043" level="INFO">c:\users\hp\appdata\local\programs\python\python36\lib\site-packages\urllib3\connectionpool.py:1004: InsecureRequestWarning: Unverified HTTPS request is being made. Adding certificate verification is strongly advised. See: https://urllib3.readthedocs.io/en/latest/advanced-usage.html#ssl-warnings
  InsecureRequestWarning,</msg>
<msg timestamp="20200320 17:13:29.044" level="INFO">${response} = &lt;Response [200]&gt;</msg>
<status status="PASS" starttime="20200320 17:13:28.306" endtime="20200320 17:13:29.044"></status>
</kw>
<kw name="Should Be Equal As Strings" library="BuiltIn">
<doc>Fails if objects are unequal after converting them to strings.</doc>
<arguments>
<arg>${response.status_code}</arg>
<arg>200</arg>
</arguments>
<msg timestamp="20200320 17:13:29.046" level="INFO">Argument types are:
&lt;class 'int'&gt;
&lt;type 'unicode'&gt;</msg>
<status status="PASS" starttime="20200320 17:13:29.045" endtime="20200320 17:13:29.046"></status>
</kw>
<kw name="Set Variable" library="BuiltIn">
<doc>Returns the given values which can then be assigned to a variables.</doc>
<arguments>
<arg>${response.json()}</arg>
</arguments>
<assign>
<var>${json}</var>
</assign>
<msg timestamp="20200320 17:13:29.058" level="INFO">${json} = {'+1': 'https://github.githubassets.com/images/icons/emoji/unicode/1f44d.png?v8', '-1': 'https://github.githubassets.com/images/icons/emoji/unicode/1f44e.png?v8', '100': 'https://github.githubassets.c...</msg>
<status status="PASS" starttime="20200320 17:13:29.047" endtime="20200320 17:13:29.059"></status>
</kw>
<kw name="Set Variable" library="BuiltIn">
<doc>Returns the given values which can then be assigned to a variables.</doc>
<arguments>
<arg>${json['aerial_tramway']}</arg>
</arguments>
<assign>
<var>${emoji_url}</var>
</assign>
<msg timestamp="20200320 17:13:29.061" level="INFO">${emoji_url} = https://github.githubassets.com/images/icons/emoji/unicode/1f6a1.png?v8</msg>
<status status="PASS" starttime="20200320 17:13:29.060" endtime="20200320 17:13:29.061"></status>
</kw>
<kw name="Open Browser" library="SeleniumLibrary">
<doc>Opens a new browser instance to the optional ``url``.</doc>
<arguments>
<arg>${emoji_url}</arg>
<arg>ie</arg>
</arguments>
<msg timestamp="20200320 17:13:29.062" level="INFO">Opening browser 'ie' to base url 'https://github.githubassets.com/images/icons/emoji/unicode/1f6a1.png?v8'.</msg>
<status status="PASS" starttime="20200320 17:13:29.062" endtime="20200320 17:13:34.323"></status>
</kw>
<status status="PASS" starttime="20200320 17:13:28.302" endtime="20200320 17:13:34.323"></status>
</kw>
<tags>
<tag>API</tag>
</tags>
<status status="PASS" starttime="20200320 17:13:28.300" endtime="20200320 17:13:34.323" critical="yes"></status>
</test>
<doc>These are some API tests</doc>
<status status="PASS" starttime="20200320 17:13:26.874" endtime="20200320 17:13:34.325"></status>
</suite>
<statistics>
<total>
<stat pass="2" fail="0">Critical Tests</stat>
<stat pass="2" fail="0">All Tests</stat>
</total>
<tag>
<stat pass="2" fail="0">API</stat>
</tag>
<suite>
<stat pass="2" fail="0" id="s1" name="API Tests">API Tests</stat>
</suite>
</statistics>
<errors>
</errors>
</robot>
