<?xml version="1.0" encoding="UTF-8"?>
<robot generator="Robot 3.1.2 (Python 3.6.5 on win32)" generated="20200320 10:46:56.377" rpa="false">
<suite id="s1" name="Operating System" source="C:\development\robot-scripts\front-office\tests\Operating_System.robot">
<test id="s1-t1" name="Create Some Directories">
<kw name="Create the Base Directory" library="OS">
<kw name="Create Directory" library="OperatingSystem">
<doc>Creates the specified directory.</doc>
<arguments>
<arg>${base_directory}</arg>
</arguments>
<msg timestamp="20200320 10:46:56.432" level="INFO" html="yes">Created directory '&lt;a href="file://C:\development\robot-scripts\front-office\Outputs"&gt;C:\development\robot-scripts\front-office\Outputs&lt;/a&gt;'.</msg>
<status status="PASS" starttime="20200320 10:46:56.432" endtime="20200320 10:46:56.433"></status>
</kw>
<kw name="Should Exist" library="OperatingSystem">
<doc>Fails unless the given path (file or directory) exists.</doc>
<arguments>
<arg>${base_directory}</arg>
</arguments>
<msg timestamp="20200320 10:46:56.433" level="INFO" html="yes">Path '&lt;a href="file://C:\development\robot-scripts\front-office\Outputs"&gt;C:\development\robot-scripts\front-office\Outputs&lt;/a&gt;' exists.</msg>
<status status="PASS" starttime="20200320 10:46:56.433" endtime="20200320 10:46:56.433"></status>
</kw>
<status status="PASS" starttime="20200320 10:46:56.431" endtime="20200320 10:46:56.433"></status>
</kw>
<kw name="Create Directory 1" library="OS">
<kw name="Join Path" library="OperatingSystem">
<doc>Joins the given path part(s) to the given base path.</doc>
<arguments>
<arg>${base_directory}</arg>
<arg>${directory_1}</arg>
</arguments>
<assign>
<var>${directory_path}</var>
</assign>
<msg timestamp="20200320 10:46:56.435" level="INFO">${directory_path} = Outputs\first directory</msg>
<status status="PASS" starttime="20200320 10:46:56.434" endtime="20200320 10:46:56.435"></status>
</kw>
<kw name="Create Directory" library="OperatingSystem">
<doc>Creates the specified directory.</doc>
<arguments>
<arg>${directory_path}</arg>
</arguments>
<msg timestamp="20200320 10:46:56.435" level="INFO" html="yes">Created directory '&lt;a href="file://C:\development\robot-scripts\front-office\Outputs\first directory"&gt;C:\development\robot-scripts\front-office\Outputs\first directory&lt;/a&gt;'.</msg>
<status status="PASS" starttime="20200320 10:46:56.435" endtime="20200320 10:46:56.436"></status>
</kw>
<kw name="Should Exist" library="OperatingSystem">
<doc>Fails unless the given path (file or directory) exists.</doc>
<arguments>
<arg>${directory_path}</arg>
</arguments>
<msg timestamp="20200320 10:46:56.436" level="INFO" html="yes">Path '&lt;a href="file://C:\development\robot-scripts\front-office\Outputs\first directory"&gt;C:\development\robot-scripts\front-office\Outputs\first directory&lt;/a&gt;' exists.</msg>
<status status="PASS" starttime="20200320 10:46:56.436" endtime="20200320 10:46:56.436"></status>
</kw>
<status status="PASS" starttime="20200320 10:46:56.434" endtime="20200320 10:46:56.436"></status>
</kw>
<kw name="Create Directory 2" library="OS">
<kw name="Join Path" library="OperatingSystem">
<doc>Joins the given path part(s) to the given base path.</doc>
<arguments>
<arg>${base_directory}</arg>
<arg>${directory_2}</arg>
</arguments>
<assign>
<var>${directory_path}</var>
</assign>
<msg timestamp="20200320 10:46:56.438" level="INFO">${directory_path} = Outputs\second directory</msg>
<status status="PASS" starttime="20200320 10:46:56.437" endtime="20200320 10:46:56.438"></status>
</kw>
<kw name="Create Directory" library="OperatingSystem">
<doc>Creates the specified directory.</doc>
<arguments>
<arg>${directory_path}</arg>
</arguments>
<msg timestamp="20200320 10:46:56.439" level="INFO" html="yes">Created directory '&lt;a href="file://C:\development\robot-scripts\front-office\Outputs\second directory"&gt;C:\development\robot-scripts\front-office\Outputs\second directory&lt;/a&gt;'.</msg>
<status status="PASS" starttime="20200320 10:46:56.439" endtime="20200320 10:46:56.440"></status>
</kw>
<kw name="Should Exist" library="OperatingSystem">
<doc>Fails unless the given path (file or directory) exists.</doc>
<arguments>
<arg>${directory_path}</arg>
</arguments>
<msg timestamp="20200320 10:46:56.440" level="INFO" html="yes">Path '&lt;a href="file://C:\development\robot-scripts\front-office\Outputs\second directory"&gt;C:\development\robot-scripts\front-office\Outputs\second directory&lt;/a&gt;' exists.</msg>
<status status="PASS" starttime="20200320 10:46:56.440" endtime="20200320 10:46:56.440"></status>
</kw>
<status status="PASS" starttime="20200320 10:46:56.437" endtime="20200320 10:46:56.440"></status>
</kw>
<tags>
<tag>OperatingSystem</tag>
</tags>
<status status="PASS" starttime="20200320 10:46:56.430" endtime="20200320 10:46:56.441" critical="yes"></status>
</test>
<test id="s1-t2" name="Create Some Files">
<kw name="Create the First File" library="OS">
<kw name="Join Path" library="OperatingSystem">
<doc>Joins the given path part(s) to the given base path.</doc>
<arguments>
<arg>${base_directory}</arg>
<arg>${directory_1}</arg>
<arg>${file_1}</arg>
</arguments>
<assign>
<var>${file_path}</var>
</assign>
<msg timestamp="20200320 10:46:56.445" level="INFO">${file_path} = Outputs\first directory\first file.txt</msg>
<status status="PASS" starttime="20200320 10:46:56.444" endtime="20200320 10:46:56.445"></status>
</kw>
<kw name="Create File" library="OperatingSystem">
<doc>Creates a file with the given content and encoding.</doc>
<arguments>
<arg>${file_path}</arg>
<arg>This is some text\n in file one!</arg>
</arguments>
<msg timestamp="20200320 10:46:56.447" level="INFO" html="yes">Created file '&lt;a href="file://C:\development\robot-scripts\front-office\Outputs\first directory\first file.txt"&gt;C:\development\robot-scripts\front-office\Outputs\first directory\first file.txt&lt;/a&gt;'.</msg>
<status status="PASS" starttime="20200320 10:46:56.445" endtime="20200320 10:46:56.447"></status>
</kw>
<kw name="Should Exist" library="OperatingSystem">
<doc>Fails unless the given path (file or directory) exists.</doc>
<arguments>
<arg>${file_path}</arg>
</arguments>
<msg timestamp="20200320 10:46:56.447" level="INFO" html="yes">Path '&lt;a href="file://C:\development\robot-scripts\front-office\Outputs\first directory\first file.txt"&gt;C:\development\robot-scripts\front-office\Outputs\first directory\first file.txt&lt;/a&gt;' exists.</msg>
<status status="PASS" starttime="20200320 10:46:56.447" endtime="20200320 10:46:56.448"></status>
</kw>
<status status="PASS" starttime="20200320 10:46:56.443" endtime="20200320 10:46:56.448"></status>
</kw>
<kw name="Create the Second File" library="OS">
<kw name="Join Path" library="OperatingSystem">
<doc>Joins the given path part(s) to the given base path.</doc>
<arguments>
<arg>${base_directory}</arg>
<arg>${directory_2}</arg>
<arg>${file_2}</arg>
</arguments>
<assign>
<var>${file_path}</var>
</assign>
<msg timestamp="20200320 10:46:56.449" level="INFO">${file_path} = Outputs\second directory\second file.txt</msg>
<status status="PASS" starttime="20200320 10:46:56.449" endtime="20200320 10:46:56.449"></status>
</kw>
<kw name="Create File" library="OperatingSystem">
<doc>Creates a file with the given content and encoding.</doc>
<arguments>
<arg>${file_path}</arg>
<arg>This is some\n text in file two!</arg>
</arguments>
<msg timestamp="20200320 10:46:56.451" level="INFO" html="yes">Created file '&lt;a href="file://C:\development\robot-scripts\front-office\Outputs\second directory\second file.txt"&gt;C:\development\robot-scripts\front-office\Outputs\second directory\second file.txt&lt;/a&gt;'.</msg>
<status status="PASS" starttime="20200320 10:46:56.449" endtime="20200320 10:46:56.451"></status>
</kw>
<kw name="Should Exist" library="OperatingSystem">
<doc>Fails unless the given path (file or directory) exists.</doc>
<arguments>
<arg>${file_path}</arg>
</arguments>
<msg timestamp="20200320 10:46:56.452" level="INFO" html="yes">Path '&lt;a href="file://C:\development\robot-scripts\front-office\Outputs\second directory\second file.txt"&gt;C:\development\robot-scripts\front-office\Outputs\second directory\second file.txt&lt;/a&gt;' exists.</msg>
<status status="PASS" starttime="20200320 10:46:56.451" endtime="20200320 10:46:56.452"></status>
</kw>
<status status="PASS" starttime="20200320 10:46:56.448" endtime="20200320 10:46:56.452"></status>
</kw>
<kw name="Create the Third File" library="OS">
<kw name="Join Path" library="OperatingSystem">
<doc>Joins the given path part(s) to the given base path.</doc>
<arguments>
<arg>${base_directory}</arg>
<arg>${directory_2}</arg>
<arg>${file_3}</arg>
</arguments>
<assign>
<var>${file_path}</var>
</assign>
<msg timestamp="20200320 10:46:56.454" level="INFO">${file_path} = Outputs\second directory\third file.txt</msg>
<status status="PASS" starttime="20200320 10:46:56.453" endtime="20200320 10:46:56.454"></status>
</kw>
<kw name="Create File" library="OperatingSystem">
<doc>Creates a file with the given content and encoding.</doc>
<arguments>
<arg>${file_path}</arg>
<arg>This is some\n text in file three!</arg>
</arguments>
<msg timestamp="20200320 10:46:56.455" level="INFO" html="yes">Created file '&lt;a href="file://C:\development\robot-scripts\front-office\Outputs\second directory\third file.txt"&gt;C:\development\robot-scripts\front-office\Outputs\second directory\third file.txt&lt;/a&gt;'.</msg>
<status status="PASS" starttime="20200320 10:46:56.454" endtime="20200320 10:46:56.455"></status>
</kw>
<kw name="Should Exist" library="OperatingSystem">
<doc>Fails unless the given path (file or directory) exists.</doc>
<arguments>
<arg>${file_path}</arg>
</arguments>
<msg timestamp="20200320 10:46:56.455" level="INFO" html="yes">Path '&lt;a href="file://C:\development\robot-scripts\front-office\Outputs\second directory\third file.txt"&gt;C:\development\robot-scripts\front-office\Outputs\second directory\third file.txt&lt;/a&gt;' exists.</msg>
<status status="PASS" starttime="20200320 10:46:56.455" endtime="20200320 10:46:56.456"></status>
</kw>
<status status="PASS" starttime="20200320 10:46:56.453" endtime="20200320 10:46:56.456"></status>
</kw>
<tags>
<tag>OperatingSystem</tag>
</tags>
<status status="PASS" starttime="20200320 10:46:56.442" endtime="20200320 10:46:56.456" critical="yes"></status>
</test>
<test id="s1-t3" name="Move a File">
<kw name="Move File 3 from Directory 2 to Directory 1" library="OS">
<kw name="Join Path" library="OperatingSystem">
<doc>Joins the given path part(s) to the given base path.</doc>
<arguments>
<arg>${base_directory}</arg>
<arg>${directory_2}</arg>
<arg>${file_3}</arg>
</arguments>
<assign>
<var>${Source_Path}</var>
</assign>
<msg timestamp="20200320 10:46:56.459" level="INFO">${Source_Path} = Outputs\second directory\third file.txt</msg>
<status status="PASS" starttime="20200320 10:46:56.458" endtime="20200320 10:46:56.459"></status>
</kw>
<kw name="Join Path" library="OperatingSystem">
<doc>Joins the given path part(s) to the given base path.</doc>
<arguments>
<arg>${base_directory}</arg>
<arg>${directory_1}</arg>
<arg>${file_3}</arg>
</arguments>
<assign>
<var>${Target_Path}</var>
</assign>
<msg timestamp="20200320 10:46:56.459" level="INFO">${Target_Path} = Outputs\first directory\third file.txt</msg>
<status status="PASS" starttime="20200320 10:46:56.459" endtime="20200320 10:46:56.460"></status>
</kw>
<kw name="Move File" library="OperatingSystem">
<doc>Moves the source file into the destination.</doc>
<arguments>
<arg>${Source_Path}</arg>
<arg>${Target_Path}</arg>
</arguments>
<msg timestamp="20200320 10:46:56.461" level="INFO" html="yes">Moved file from '&lt;a href="file://C:\development\robot-scripts\front-office\Outputs\second directory\third file.txt"&gt;C:\development\robot-scripts\front-office\Outputs\second directory\third file.txt&lt;/a&gt;' to '&lt;a href="file://C:\development\robot-scripts\front-office\Outputs\first directory\third file.txt"&gt;C:\development\robot-scripts\front-office\Outputs\first directory\third file.txt&lt;/a&gt;'.</msg>
<status status="PASS" starttime="20200320 10:46:56.460" endtime="20200320 10:46:56.462"></status>
</kw>
<kw name="Should Exist" library="OperatingSystem">
<doc>Fails unless the given path (file or directory) exists.</doc>
<arguments>
<arg>${Target_Path}</arg>
</arguments>
<msg timestamp="20200320 10:46:56.462" level="INFO" html="yes">Path '&lt;a href="file://C:\development\robot-scripts\front-office\Outputs\first directory\third file.txt"&gt;C:\development\robot-scripts\front-office\Outputs\first directory\third file.txt&lt;/a&gt;' exists.</msg>
<status status="PASS" starttime="20200320 10:46:56.462" endtime="20200320 10:46:56.463"></status>
</kw>
<kw name="Should Not Exist" library="OperatingSystem">
<doc>Fails if the given path (file or directory) exists.</doc>
<arguments>
<arg>${Source_Path}</arg>
</arguments>
<msg timestamp="20200320 10:46:56.463" level="INFO" html="yes">Path '&lt;a href="file://C:\development\robot-scripts\front-office\Outputs\second directory\third file.txt"&gt;C:\development\robot-scripts\front-office\Outputs\second directory\third file.txt&lt;/a&gt;' does not exist.</msg>
<status status="PASS" starttime="20200320 10:46:56.463" endtime="20200320 10:46:56.464"></status>
</kw>
<status status="PASS" starttime="20200320 10:46:56.458" endtime="20200320 10:46:56.464"></status>
</kw>
<tags>
<tag>OperatingSystem</tag>
</tags>
<status status="PASS" starttime="20200320 10:46:56.457" endtime="20200320 10:46:56.464" critical="yes"></status>
</test>
<test id="s1-t4" name="Copy a File">
<kw name="Copy File 1 from Directory 1 to Directory 2" library="OS">
<kw name="Join Path" library="OperatingSystem">
<doc>Joins the given path part(s) to the given base path.</doc>
<arguments>
<arg>${base_directory}</arg>
<arg>${directory_1}</arg>
<arg>${file_1}</arg>
</arguments>
<assign>
<var>${Source_Path}</var>
</assign>
<msg timestamp="20200320 10:46:56.467" level="INFO">${Source_Path} = Outputs\first directory\first file.txt</msg>
<status status="PASS" starttime="20200320 10:46:56.466" endtime="20200320 10:46:56.467"></status>
</kw>
<kw name="Join Path" library="OperatingSystem">
<doc>Joins the given path part(s) to the given base path.</doc>
<arguments>
<arg>${base_directory}</arg>
<arg>${directory_2}</arg>
<arg>${file_1}</arg>
</arguments>
<assign>
<var>${Target_Path}</var>
</assign>
<msg timestamp="20200320 10:46:56.468" level="INFO">${Target_Path} = Outputs\second directory\first file.txt</msg>
<status status="PASS" starttime="20200320 10:46:56.467" endtime="20200320 10:46:56.468"></status>
</kw>
<kw name="Copy File" library="OperatingSystem">
<doc>Copies the source file into the destination.</doc>
<arguments>
<arg>${Source_Path}</arg>
<arg>${Target_Path}</arg>
</arguments>
<msg timestamp="20200320 10:46:56.474" level="INFO" html="yes">Copied file from '&lt;a href="file://C:\development\robot-scripts\front-office\Outputs\first directory\first file.txt"&gt;C:\development\robot-scripts\front-office\Outputs\first directory\first file.txt&lt;/a&gt;' to '&lt;a href="file://C:\development\robot-scripts\front-office\Outputs\second directory\first file.txt"&gt;C:\development\robot-scripts\front-office\Outputs\second directory\first file.txt&lt;/a&gt;'.</msg>
<status status="PASS" starttime="20200320 10:46:56.468" endtime="20200320 10:46:56.474"></status>
</kw>
<kw name="Should Exist" library="OperatingSystem">
<doc>Fails unless the given path (file or directory) exists.</doc>
<arguments>
<arg>${Source_Path}</arg>
</arguments>
<msg timestamp="20200320 10:46:56.475" level="INFO" html="yes">Path '&lt;a href="file://C:\development\robot-scripts\front-office\Outputs\first directory\first file.txt"&gt;C:\development\robot-scripts\front-office\Outputs\first directory\first file.txt&lt;/a&gt;' exists.</msg>
<status status="PASS" starttime="20200320 10:46:56.474" endtime="20200320 10:46:56.475"></status>
</kw>
<kw name="Should Exist" library="OperatingSystem">
<doc>Fails unless the given path (file or directory) exists.</doc>
<arguments>
<arg>${Target_Path}</arg>
</arguments>
<msg timestamp="20200320 10:46:56.475" level="INFO" html="yes">Path '&lt;a href="file://C:\development\robot-scripts\front-office\Outputs\second directory\first file.txt"&gt;C:\development\robot-scripts\front-office\Outputs\second directory\first file.txt&lt;/a&gt;' exists.</msg>
<status status="PASS" starttime="20200320 10:46:56.475" endtime="20200320 10:46:56.476"></status>
</kw>
<status status="PASS" starttime="20200320 10:46:56.466" endtime="20200320 10:46:56.476"></status>
</kw>
<tags>
<tag>OperatingSystem</tag>
</tags>
<status status="PASS" starttime="20200320 10:46:56.465" endtime="20200320 10:46:56.476" critical="yes"></status>
</test>
<doc>These are some file &amp; directory tests</doc>
<status status="PASS" starttime="20200320 10:46:56.379" endtime="20200320 10:46:56.478"></status>
</suite>
<statistics>
<total>
<stat pass="4" fail="0">Critical Tests</stat>
<stat pass="4" fail="0">All Tests</stat>
</total>
<tag>
<stat pass="4" fail="0">OperatingSystem</stat>
</tag>
<suite>
<stat pass="4" fail="0" id="s1" name="Operating System">Operating System</stat>
</suite>
</statistics>
<errors>
</errors>
</robot>
