<?xml version="1.0" encoding="UTF-8"?>
<robot generator="Robot 3.1.2 (Python 3.6.5 on win32)" generated="20200320 10:48:35.304" rpa="false">
<suite id="s1" name="Dialogs" source="C:\development\robot-scripts\front-office\tests\Dialogs.robot">
<test id="s1-t1" name="Should be able to access &quot;Landing&quot; Page">
<kw name="Begin Web Test" library="Common" type="setup">
<kw name="Open Browser" library="SeleniumLibrary">
<doc>Opens a new browser instance to the optional ``url``.</doc>
<arguments>
<arg>about:blank</arg>
<arg>${BROWSER}</arg>
</arguments>
<msg timestamp="20200320 10:48:35.898" level="INFO">Opening browser 'chrome' to base url 'about:blank'.</msg>
<status status="PASS" starttime="20200320 10:48:35.898" endtime="20200320 10:48:38.901"></status>
</kw>
<kw name="Maximize Browser Window" library="SeleniumLibrary">
<doc>Maximizes current browser window.</doc>
<status status="PASS" starttime="20200320 10:48:38.902" endtime="20200320 10:48:40.040"></status>
</kw>
<status status="PASS" starttime="20200320 10:48:35.897" endtime="20200320 10:48:40.041"></status>
</kw>
<kw name="Get Selection From User" library="Dialogs">
<doc>Pauses test execution and asks user to select a value.</doc>
<arguments>
<arg>Which browser?</arg>
<arg>chrome</arg>
<arg>ie</arg>
<arg>edge</arg>
</arguments>
<assign>
<var>${new_browser}</var>
</assign>
<msg timestamp="20200320 10:48:46.962" level="INFO">${new_browser} = ie</msg>
<status status="PASS" starttime="20200320 10:48:40.043" endtime="20200320 10:48:46.969"></status>
</kw>
<kw name="Set Global Variable" library="BuiltIn">
<doc>Makes a variable available globally in all tests and suites.</doc>
<arguments>
<arg>${BROWSER}</arg>
<arg>${new_browser}</arg>
</arguments>
<msg timestamp="20200320 10:48:46.988" level="INFO">${BROWSER} = ie</msg>
<status status="PASS" starttime="20200320 10:48:46.986" endtime="20200320 10:48:46.989"></status>
</kw>
<kw name="Go to Landing Page" library="FrontOfficeApp">
<kw name="Navigate To" library="Landing">
<kw name="Go To" library="SeleniumLibrary">
<doc>Navigates the current browser window to the provided ``url``.</doc>
<arguments>
<arg>${URL}</arg>
</arguments>
<msg timestamp="20200320 10:48:46.993" level="INFO">Opening url 'http://www.robotframeworktutorial.com/front-office/'</msg>
<status status="PASS" starttime="20200320 10:48:46.992" endtime="20200320 10:48:53.225"></status>
</kw>
<kw name="Sleep" library="BuiltIn">
<doc>Pauses the test executed for the given time.</doc>
<arguments>
<arg>1s</arg>
</arguments>
<msg timestamp="20200320 10:48:54.226" level="INFO">Slept 1 second</msg>
<status status="PASS" starttime="20200320 10:48:53.225" endtime="20200320 10:48:54.226"></status>
</kw>
<status status="PASS" starttime="20200320 10:48:46.992" endtime="20200320 10:48:54.226"></status>
</kw>
<kw name="Verify Page Loaded" library="Landing">
<kw name="Wait Until Page Contains Element" library="SeleniumLibrary">
<doc>Waits until the element ``locator`` appears on the current page.</doc>
<arguments>
<arg>${LANDING_NAVIGATION_ELEMENT}</arg>
</arguments>
<status status="PASS" starttime="20200320 10:48:54.227" endtime="20200320 10:48:54.294"></status>
</kw>
<status status="PASS" starttime="20200320 10:48:54.227" endtime="20200320 10:48:54.295"></status>
</kw>
<status status="PASS" starttime="20200320 10:48:46.990" endtime="20200320 10:48:54.295"></status>
</kw>
<kw name="End Web Test" library="Common" type="teardown">
<kw name="Close All Browsers" library="SeleniumLibrary">
<doc>Closes all open browsers and resets the browser cache.</doc>
<status status="PASS" starttime="20200320 10:48:54.297" endtime="20200320 10:48:56.968"></status>
</kw>
<status status="PASS" starttime="20200320 10:48:54.296" endtime="20200320 10:48:56.969"></status>
</kw>
<tags>
<tag>Web</tag>
</tags>
<status status="PASS" starttime="20200320 10:48:35.897" endtime="20200320 10:48:56.970" critical="yes"></status>
</test>
<test id="s1-t2" name="Should be able to access &quot;Team&quot; Page">
<kw name="Begin Web Test" library="Common" type="setup">
<kw name="Open Browser" library="SeleniumLibrary">
<doc>Opens a new browser instance to the optional ``url``.</doc>
<arguments>
<arg>about:blank</arg>
<arg>${BROWSER}</arg>
</arguments>
<msg timestamp="20200320 10:48:56.977" level="INFO">Opening browser 'ie' to base url 'about:blank'.</msg>
<status status="PASS" starttime="20200320 10:48:56.976" endtime="20200320 10:49:04.963"></status>
</kw>
<kw name="Maximize Browser Window" library="SeleniumLibrary">
<doc>Maximizes current browser window.</doc>
<status status="PASS" starttime="20200320 10:49:04.963" endtime="20200320 10:49:04.977"></status>
</kw>
<status status="PASS" starttime="20200320 10:48:56.975" endtime="20200320 10:49:04.977"></status>
</kw>
<kw name="Go to Landing Page" library="FrontOfficeApp">
<kw name="Navigate To" library="Landing">
<kw name="Go To" library="SeleniumLibrary">
<doc>Navigates the current browser window to the provided ``url``.</doc>
<arguments>
<arg>${URL}</arg>
</arguments>
<msg timestamp="20200320 10:49:04.979" level="INFO">Opening url 'http://www.robotframeworktutorial.com/front-office/'</msg>
<status status="PASS" starttime="20200320 10:49:04.979" endtime="20200320 10:49:09.709"></status>
</kw>
<kw name="Sleep" library="BuiltIn">
<doc>Pauses the test executed for the given time.</doc>
<arguments>
<arg>1s</arg>
</arguments>
<msg timestamp="20200320 10:49:10.711" level="INFO">Slept 1 second</msg>
<status status="PASS" starttime="20200320 10:49:09.710" endtime="20200320 10:49:10.711"></status>
</kw>
<status status="PASS" starttime="20200320 10:49:04.978" endtime="20200320 10:49:10.712"></status>
</kw>
<kw name="Verify Page Loaded" library="Landing">
<kw name="Wait Until Page Contains Element" library="SeleniumLibrary">
<doc>Waits until the element ``locator`` appears on the current page.</doc>
<arguments>
<arg>${LANDING_NAVIGATION_ELEMENT}</arg>
</arguments>
<status status="PASS" starttime="20200320 10:49:10.713" endtime="20200320 10:49:11.021"></status>
</kw>
<status status="PASS" starttime="20200320 10:49:10.712" endtime="20200320 10:49:11.022"></status>
</kw>
<status status="PASS" starttime="20200320 10:49:04.978" endtime="20200320 10:49:11.022"></status>
</kw>
<kw name="Execute Manual Step" library="Dialogs">
<doc>Pauses test execution until user sets the keyword status.</doc>
<arguments>
<arg>Do something manually!</arg>
<arg>It failed!</arg>
</arguments>
<status status="PASS" starttime="20200320 10:49:11.023" endtime="20200320 10:49:13.654"></status>
</kw>
<kw name="Go to &quot;Team&quot; Page" library="FrontOfficeApp">
<kw name="Select &quot;Team&quot; Page" library="TopNav">
<kw name="Click Link" library="SeleniumLibrary">
<doc>Clicks a link identified by ``locator``.</doc>
<arguments>
<arg>${TOP_NAV_TEAM_LINK}</arg>
</arguments>
<msg timestamp="20200320 10:49:13.658" level="INFO">Clicking link 'Team'.</msg>
<status status="PASS" starttime="20200320 10:49:13.657" endtime="20200320 10:49:15.254"></status>
</kw>
<kw name="Sleep" library="BuiltIn">
<doc>Pauses the test executed for the given time.</doc>
<arguments>
<arg>1s</arg>
</arguments>
<msg timestamp="20200320 10:49:16.256" level="INFO">Slept 1 second</msg>
<status status="PASS" starttime="20200320 10:49:15.254" endtime="20200320 10:49:16.256"></status>
</kw>
<status status="PASS" starttime="20200320 10:49:13.656" endtime="20200320 10:49:16.257"></status>
</kw>
<kw name="Verify Page Loaded" library="Team">
<kw name="Wait Until Page Contains Element" library="SeleniumLibrary">
<doc>Waits until the element ``locator`` appears on the current page.</doc>
<arguments>
<arg>${TEAM_HEADER_LABEL}</arg>
</arguments>
<status status="PASS" starttime="20200320 10:49:16.258" endtime="20200320 10:49:16.449"></status>
</kw>
<status status="PASS" starttime="20200320 10:49:16.257" endtime="20200320 10:49:16.450"></status>
</kw>
<status status="PASS" starttime="20200320 10:49:13.655" endtime="20200320 10:49:16.450"></status>
</kw>
<kw name="Pause Execution" library="Dialogs">
<doc>Pauses test execution until user clicks ``Ok`` button.</doc>
<status status="PASS" starttime="20200320 10:49:16.451" endtime="20200320 10:49:18.078"></status>
</kw>
<kw name="Validate &quot;Team&quot;Page" library="FrontOfficeApp">
<kw name="Validate Page Contents" library="Team">
<kw name="Element Text Should Be" library="SeleniumLibrary">
<doc>Verifies that element ``locator`` contains exact the text ``expected``.</doc>
<arguments>
<arg>${TEAM_HEADER_LABEL}</arg>
<arg>Our Amazing Team</arg>
<arg>ignore_case=True</arg>
</arguments>
<msg timestamp="20200320 10:49:18.080" level="INFO">Verifying element 'xpath=//*[@id="team"]/div/div[1]/div/h2' contains exact text 'Our Amazing Team'.</msg>
<status status="PASS" starttime="20200320 10:49:18.080" endtime="20200320 10:49:18.293"></status>
</kw>
<status status="PASS" starttime="20200320 10:49:18.079" endtime="20200320 10:49:18.293"></status>
</kw>
<status status="PASS" starttime="20200320 10:49:18.079" endtime="20200320 10:49:18.293"></status>
</kw>
<kw name="End Web Test" library="Common" type="teardown">
<kw name="Close All Browsers" library="SeleniumLibrary">
<doc>Closes all open browsers and resets the browser cache.</doc>
<status status="PASS" starttime="20200320 10:49:18.294" endtime="20200320 10:49:21.416"></status>
</kw>
<status status="PASS" starttime="20200320 10:49:18.294" endtime="20200320 10:49:21.417"></status>
</kw>
<tags>
<tag>Web</tag>
</tags>
<status status="PASS" starttime="20200320 10:48:56.974" endtime="20200320 10:49:21.417" critical="yes"></status>
</test>
<doc>These are some web tests</doc>
<status status="PASS" starttime="20200320 10:48:35.307" endtime="20200320 10:49:21.419"></status>
</suite>
<statistics>
<total>
<stat pass="2" fail="0">Critical Tests</stat>
<stat pass="2" fail="0">All Tests</stat>
</total>
<tag>
<stat pass="2" fail="0">Web</stat>
</tag>
<suite>
<stat pass="2" fail="0" id="s1" name="Dialogs">Dialogs</stat>
</suite>
</statistics>
<errors>
</errors>
</robot>
