<?xml version="1.0" encoding="UTF-8"?>
<robot generator="Robot 3.1.2 (Python 3.6.5 on win32)" generated="20200321 12:16:03.338" rpa="false">
<suite id="s1" name="XML Tests" source="C:\development\robot-scripts\front-office\tests\XML_Tests.robot">
<test id="s1-t1" name="Verify Menu Count">
<kw name="Should be one menu in the file" library="food">
<kw name="Get Element Count" library="XML">
<doc>Returns and logs how many elements the given ``xpath`` matches.</doc>
<arguments>
<arg>${XML_MENU_PATH}</arg>
</arguments>
<assign>
<var>${menu_count}</var>
</assign>
<msg timestamp="20200321 12:16:03.389" level="INFO">1 element matched '.'.</msg>
<msg timestamp="20200321 12:16:03.389" level="INFO">${menu_count} = 1</msg>
<status status="PASS" starttime="20200321 12:16:03.388" endtime="20200321 12:16:03.389"></status>
</kw>
<kw name="Should Be Equal As Numbers" library="BuiltIn">
<doc>Fails if objects are unequal after converting them to real numbers.</doc>
<arguments>
<arg>${menu_count}</arg>
<arg>${EXPECTED_MENU_COUNT}</arg>
</arguments>
<msg timestamp="20200321 12:16:03.390" level="INFO">Argument types are:
&lt;class 'int'&gt;
&lt;type 'unicode'&gt;</msg>
<status status="PASS" starttime="20200321 12:16:03.389" endtime="20200321 12:16:03.390"></status>
</kw>
<status status="PASS" starttime="20200321 12:16:03.388" endtime="20200321 12:16:03.390"></status>
</kw>
<tags>
<tag>XML</tag>
</tags>
<status status="PASS" starttime="20200321 12:16:03.387" endtime="20200321 12:16:03.390" critical="yes"></status>
</test>
<test id="s1-t2" name="Verify Root">
<kw name="Verify Menu Name" library="food">
<kw name="Parse Xml" library="XML">
<doc>Parses the given XML file or string into an element structure.</doc>
<arguments>
<arg>${XML_MENU_PATH}</arg>
</arguments>
<assign>
<var>${root}</var>
</assign>
<msg timestamp="20200321 12:16:03.393" level="INFO">${root} = &lt;Element 'breakfast_menu' at 0x00000233306CEF98&gt;</msg>
<status status="PASS" starttime="20200321 12:16:03.392" endtime="20200321 12:16:03.393"></status>
</kw>
<kw name="Should Be Equal" library="BuiltIn">
<doc>Fails if the given objects are unequal.</doc>
<arguments>
<arg>${root.tag}</arg>
<arg>breakfast_menu</arg>
</arguments>
<status status="PASS" starttime="20200321 12:16:03.393" endtime="20200321 12:16:03.394"></status>
</kw>
<status status="PASS" starttime="20200321 12:16:03.392" endtime="20200321 12:16:03.394"></status>
</kw>
<tags>
<tag>XML</tag>
</tags>
<status status="PASS" starttime="20200321 12:16:03.391" endtime="20200321 12:16:03.394" critical="yes"></status>
</test>
<test id="s1-t3" name="Verify Food Count">
<kw name="Verify Food Count" library="food">
<kw name="Get Element Count" library="XML">
<doc>Returns and logs how many elements the given ``xpath`` matches.</doc>
<arguments>
<arg>${XML_MENU_PATH}</arg>
<arg>food</arg>
</arguments>
<assign>
<var>${food_count}</var>
</assign>
<msg timestamp="20200321 12:16:03.397" level="INFO">6 elements matched 'food'.</msg>
<msg timestamp="20200321 12:16:03.397" level="INFO">${food_count} = 6</msg>
<status status="PASS" starttime="20200321 12:16:03.396" endtime="20200321 12:16:03.397"></status>
</kw>
<kw name="Should Be Equal As Numbers" library="BuiltIn">
<doc>Fails if objects are unequal after converting them to real numbers.</doc>
<arguments>
<arg>${food_count}</arg>
<arg>${EXPECTED_FOOD_COUNT}</arg>
</arguments>
<msg timestamp="20200321 12:16:03.397" level="INFO">Argument types are:
&lt;class 'int'&gt;
&lt;type 'unicode'&gt;</msg>
<status status="PASS" starttime="20200321 12:16:03.397" endtime="20200321 12:16:03.398"></status>
</kw>
<status status="PASS" starttime="20200321 12:16:03.396" endtime="20200321 12:16:03.398"></status>
</kw>
<tags>
<tag>XML</tag>
</tags>
<status status="PASS" starttime="20200321 12:16:03.395" endtime="20200321 12:16:03.398" critical="yes"></status>
</test>
<test id="s1-t4" name="Verify First Food">
<kw name="Verify First Food Name" library="food">
<kw name="Get Element" library="XML">
<doc>Returns an element in the ``source`` matching the ``xpath``.</doc>
<arguments>
<arg>${XML_MENU_PATH}</arg>
<arg>food[1]/name</arg>
</arguments>
<assign>
<var>${first_food_name}</var>
</assign>
<msg timestamp="20200321 12:16:03.402" level="INFO">${first_food_name} = &lt;Element 'name' at 0x00000233306FD6D8&gt;</msg>
<status status="PASS" starttime="20200321 12:16:03.400" endtime="20200321 12:16:03.402"></status>
</kw>
<kw name="Should Be Equal As Strings" library="BuiltIn">
<doc>Fails if objects are unequal after converting them to strings.</doc>
<arguments>
<arg>${first_food_name.text}</arg>
<arg>Belgian Waffles</arg>
</arguments>
<status status="PASS" starttime="20200321 12:16:03.403" endtime="20200321 12:16:03.403"></status>
</kw>
<status status="PASS" starttime="20200321 12:16:03.400" endtime="20200321 12:16:03.403"></status>
</kw>
<kw name="Verify First Food Price" library="food">
<kw name="Get Element" library="XML">
<doc>Returns an element in the ``source`` matching the ``xpath``.</doc>
<arguments>
<arg>${XML_MENU_PATH}</arg>
<arg>food[1]/price</arg>
</arguments>
<assign>
<var>${first_food_price}</var>
</assign>
<msg timestamp="20200321 12:16:03.405" level="INFO">${first_food_price} = &lt;Element 'price' at 0x00000233306FDF98&gt;</msg>
<status status="PASS" starttime="20200321 12:16:03.404" endtime="20200321 12:16:03.405"></status>
</kw>
<kw name="Should Be Equal As Strings" library="BuiltIn">
<doc>Fails if objects are unequal after converting them to strings.</doc>
<arguments>
<arg>${first_food_price.text}</arg>
<arg>$5.95</arg>
</arguments>
<status status="PASS" starttime="20200321 12:16:03.405" endtime="20200321 12:16:03.405"></status>
</kw>
<status status="PASS" starttime="20200321 12:16:03.403" endtime="20200321 12:16:03.406"></status>
</kw>
<kw name="Verify First Food Calories" library="food">
<kw name="Get Element" library="XML">
<doc>Returns an element in the ``source`` matching the ``xpath``.</doc>
<arguments>
<arg>${XML_MENU_PATH}</arg>
<arg>food[1]/calories</arg>
</arguments>
<assign>
<var>${first_food_calories}</var>
</assign>
<msg timestamp="20200321 12:16:03.407" level="INFO">${first_food_calories} = &lt;Element 'calories' at 0x00000233306FD408&gt;</msg>
<status status="PASS" starttime="20200321 12:16:03.406" endtime="20200321 12:16:03.408"></status>
</kw>
<kw name="Should Be Equal As Strings" library="BuiltIn">
<doc>Fails if objects are unequal after converting them to strings.</doc>
<arguments>
<arg>${first_food_calories.text}</arg>
<arg>650</arg>
</arguments>
<status status="PASS" starttime="20200321 12:16:03.408" endtime="20200321 12:16:03.408"></status>
</kw>
<status status="PASS" starttime="20200321 12:16:03.406" endtime="20200321 12:16:03.408"></status>
</kw>
<tags>
<tag>XML</tag>
</tags>
<status status="PASS" starttime="20200321 12:16:03.399" endtime="20200321 12:16:03.409" critical="yes"></status>
</test>
<test id="s1-t5" name="Add a Food">
<kw name="Add New Food" library="food">
<kw name="Parse Xml" library="XML">
<doc>Parses the given XML file or string into an element structure.</doc>
<arguments>
<arg>${XML_MENU_PATH}</arg>
</arguments>
<assign>
<var>${root}</var>
</assign>
<msg timestamp="20200321 12:16:03.412" level="INFO">${root} = &lt;Element 'breakfast_menu' at 0x00000233306FD2C8&gt;</msg>
<status status="PASS" starttime="20200321 12:16:03.411" endtime="20200321 12:16:03.412"></status>
</kw>
<kw name="Add Element" library="XML">
<doc>Adds a child element to the specified element.</doc>
<arguments>
<arg>${root}</arg>
<arg>&lt;food&gt;&lt;/food&gt;</arg>
</arguments>
<status status="PASS" starttime="20200321 12:16:03.412" endtime="20200321 12:16:03.412"></status>
</kw>
<kw name="Add Element" library="XML">
<doc>Adds a child element to the specified element.</doc>
<arguments>
<arg>${root}</arg>
<arg>&lt;name&gt;Grilled Cheese Sandwich&lt;/name&gt;</arg>
<arg>xpath=food[7]</arg>
</arguments>
<status status="PASS" starttime="20200321 12:16:03.413" endtime="20200321 12:16:03.414"></status>
</kw>
<kw name="Add Element" library="XML">
<doc>Adds a child element to the specified element.</doc>
<arguments>
<arg>${root}</arg>
<arg>&lt;price&gt;$2455&lt;/price&gt;</arg>
<arg>xpath=food[7]</arg>
</arguments>
<status status="PASS" starttime="20200321 12:16:03.414" endtime="20200321 12:16:03.416"></status>
</kw>
<kw name="Add Element" library="XML">
<doc>Adds a child element to the specified element.</doc>
<arguments>
<arg>${root}</arg>
<arg>&lt;description&gt;this is slices&lt;/description&gt;</arg>
<arg>xpath=food[7]</arg>
</arguments>
<status status="PASS" starttime="20200321 12:16:03.416" endtime="20200321 12:16:03.419"></status>
</kw>
<kw name="Add Element" library="XML">
<doc>Adds a child element to the specified element.</doc>
<arguments>
<arg>${root}</arg>
<arg>&lt;calories&gt;4200&lt;/calories&gt;</arg>
<arg>xpath=food[7]</arg>
</arguments>
<status status="PASS" starttime="20200321 12:16:03.419" endtime="20200321 12:16:03.420"></status>
</kw>
<kw name="Save Xml" library="XML">
<doc>Saves the given element to the specified file.</doc>
<arguments>
<arg>${root}</arg>
<arg>${XML_MENU_PATH}</arg>
</arguments>
<msg timestamp="20200321 12:16:03.431" level="INFO" html="yes">XML saved to &lt;a href="file://C:\development\robot-scripts\front-office\Inputs\XML\menu.xml"&gt;C:\development\robot-scripts\front-office\Inputs\XML\menu.xml&lt;/a&gt;.</msg>
<status status="PASS" starttime="20200321 12:16:03.428" endtime="20200321 12:16:03.431"></status>
</kw>
<status status="PASS" starttime="20200321 12:16:03.411" endtime="20200321 12:16:03.432"></status>
</kw>
<tags>
<tag>XML</tag>
</tags>
<status status="PASS" starttime="20200321 12:16:03.410" endtime="20200321 12:16:03.432" critical="yes"></status>
</test>
<test id="s1-t6" name="Verify New Food Was Added">
<kw name="Verify New Food Exists" library="food">
<kw name="Element Should Exist" library="XML">
<doc>Verifies that one or more element match the given ``xpath``.</doc>
<arguments>
<arg>${XML_MENU_PATH}</arg>
<arg>food[7]</arg>
</arguments>
<msg timestamp="20200321 12:16:03.463" level="INFO">1 element matched 'food[7]'.</msg>
<status status="PASS" starttime="20200321 12:16:03.461" endtime="20200321 12:16:03.463"></status>
</kw>
<status status="PASS" starttime="20200321 12:16:03.461" endtime="20200321 12:16:03.463"></status>
</kw>
<tags>
<tag>XML</tag>
</tags>
<status status="PASS" starttime="20200321 12:16:03.460" endtime="20200321 12:16:03.463" critical="yes"></status>
</test>
<doc>These are some XML tests</doc>
<status status="PASS" starttime="20200321 12:16:03.340" endtime="20200321 12:16:03.465"></status>
</suite>
<statistics>
<total>
<stat pass="6" fail="0">Critical Tests</stat>
<stat pass="6" fail="0">All Tests</stat>
</total>
<tag>
<stat pass="6" fail="0">XML</stat>
</tag>
<suite>
<stat pass="6" fail="0" id="s1" name="XML Tests">XML Tests</stat>
</suite>
</statistics>
<errors>
</errors>
</robot>
