<?xml version="1.0" encoding="UTF-8"?>
<robot generator="Robot 3.1.2 (Python 3.6.5 on win32)" generated="20200330 11:38:50.711" rpa="false">
<suite id="s1" name="Front Office" source="C:\development\robot-scripts\front-office\tests\Front_Office.robot">
<test id="s1-t1" name="Should be able to access &quot;Team&quot; Page">
<kw name="Begin Web Test" library="Common" type="setup">
<kw name="Open Browser" library="SeleniumLibrary">
<doc>Opens a new browser instance to the optional ``url``.</doc>
<arguments>
<arg>about:blank</arg>
<arg>${BROWSER}</arg>
</arguments>
<msg timestamp="20200330 11:38:51.086" level="INFO">Opening browser 'chrome' to base url 'about:blank'.</msg>
<status status="PASS" starttime="20200330 11:38:51.086" endtime="20200330 11:38:53.633"></status>
</kw>
<kw name="Maximize Browser Window" library="SeleniumLibrary">
<doc>Maximizes current browser window.</doc>
<status status="PASS" starttime="20200330 11:38:53.633" endtime="20200330 11:38:54.787"></status>
</kw>
<status status="PASS" starttime="20200330 11:38:51.086" endtime="20200330 11:38:54.787"></status>
</kw>
<kw name="Go to Landing Page" library="FrontOfficeApp">
<kw name="Navigate To" library="Landing">
<kw name="Go To" library="SeleniumLibrary">
<doc>Navigates the current browser window to the provided ``url``.</doc>
<arguments>
<arg>${URL}</arg>
</arguments>
<msg timestamp="20200330 11:38:54.787" level="INFO">Opening url 'http://www.robotframeworktutorial.com/front-office/'</msg>
<status status="PASS" starttime="20200330 11:38:54.787" endtime="20200330 11:39:06.086"></status>
</kw>
<kw name="Sleep" library="BuiltIn">
<doc>Pauses the test executed for the given time.</doc>
<arguments>
<arg>1s</arg>
</arguments>
<msg timestamp="20200330 11:39:07.088" level="INFO">Slept 1 second</msg>
<status status="PASS" starttime="20200330 11:39:06.086" endtime="20200330 11:39:07.088"></status>
</kw>
<status status="PASS" starttime="20200330 11:38:54.787" endtime="20200330 11:39:07.089"></status>
</kw>
<kw name="Verify Page Loaded" library="Landing">
<kw name="Wait Until Page Contains Element" library="SeleniumLibrary">
<doc>Waits until the element ``locator`` appears on the current page.</doc>
<arguments>
<arg>${LANDING_NAVIGATION_ELEMENT}</arg>
</arguments>
<status status="PASS" starttime="20200330 11:39:07.091" endtime="20200330 11:39:07.123"></status>
</kw>
<status status="PASS" starttime="20200330 11:39:07.089" endtime="20200330 11:39:07.123"></status>
</kw>
<status status="PASS" starttime="20200330 11:38:54.787" endtime="20200330 11:39:07.123"></status>
</kw>
<kw name="Go to &quot;Team&quot; Page" library="FrontOfficeApp">
<kw name="Select &quot;Team&quot; Page" library="TopNav">
<kw name="Click Link" library="SeleniumLibrary">
<doc>Clicks a link identified by ``locator``.</doc>
<arguments>
<arg>${TOP_NAV_TEAM_LINK}</arg>
</arguments>
<msg timestamp="20200330 11:39:07.123" level="INFO">Clicking link 'Team'.</msg>
<status status="PASS" starttime="20200330 11:39:07.123" endtime="20200330 11:39:07.226"></status>
</kw>
<kw name="Sleep" library="BuiltIn">
<doc>Pauses the test executed for the given time.</doc>
<arguments>
<arg>1s</arg>
</arguments>
<msg timestamp="20200330 11:39:08.227" level="INFO">Slept 1 second</msg>
<status status="PASS" starttime="20200330 11:39:07.226" endtime="20200330 11:39:08.227"></status>
</kw>
<status status="PASS" starttime="20200330 11:39:07.123" endtime="20200330 11:39:08.227"></status>
</kw>
<kw name="Verify Page Loaded" library="Team">
<kw name="Wait Until Page Contains Element" library="SeleniumLibrary">
<doc>Waits until the element ``locator`` appears on the current page.</doc>
<arguments>
<arg>${TEAM_HEADER_LABEL}</arg>
</arguments>
<status status="PASS" starttime="20200330 11:39:08.228" endtime="20200330 11:39:08.246"></status>
</kw>
<status status="PASS" starttime="20200330 11:39:08.227" endtime="20200330 11:39:08.246"></status>
</kw>
<status status="PASS" starttime="20200330 11:39:07.123" endtime="20200330 11:39:08.246"></status>
</kw>
<kw name="Do Some Custom Thing" library="FrontOfficeApp">
<kw name="Do Something Special" library="MyCustomLibrary">
<msg timestamp="20200330 11:39:08.247" level="INFO">Doing something special!</msg>
<status status="PASS" starttime="20200330 11:39:08.247" endtime="20200330 11:39:08.248"></status>
</kw>
<status status="PASS" starttime="20200330 11:39:08.247" endtime="20200330 11:39:08.248"></status>
</kw>
<kw name="End Web Test" library="Common" type="teardown">
<kw name="Close All Browsers" library="SeleniumLibrary">
<doc>Closes all open browsers and resets the browser cache.</doc>
<status status="PASS" starttime="20200330 11:39:08.249" endtime="20200330 11:39:10.697"></status>
</kw>
<status status="PASS" starttime="20200330 11:39:08.248" endtime="20200330 11:39:10.697"></status>
</kw>
<doc>This is test 1</doc>
<tags>
<tag>test1</tag>
</tags>
<status status="PASS" starttime="20200330 11:38:51.086" endtime="20200330 11:39:10.697" critical="yes"></status>
</test>
<test id="s1-t2" name="&quot;Team&quot; page should math requirements">
<kw name="Begin Web Test" library="Common" type="setup">
<kw name="Open Browser" library="SeleniumLibrary">
<doc>Opens a new browser instance to the optional ``url``.</doc>
<arguments>
<arg>about:blank</arg>
<arg>${BROWSER}</arg>
</arguments>
<msg timestamp="20200330 11:39:10.697" level="INFO">Opening browser 'chrome' to base url 'about:blank'.</msg>
<status status="PASS" starttime="20200330 11:39:10.697" endtime="20200330 11:39:13.456"></status>
</kw>
<kw name="Maximize Browser Window" library="SeleniumLibrary">
<doc>Maximizes current browser window.</doc>
<status status="PASS" starttime="20200330 11:39:13.456" endtime="20200330 11:39:14.602"></status>
</kw>
<status status="PASS" starttime="20200330 11:39:10.697" endtime="20200330 11:39:14.602"></status>
</kw>
<kw name="Go to Landing Page" library="FrontOfficeApp">
<kw name="Navigate To" library="Landing">
<kw name="Go To" library="SeleniumLibrary">
<doc>Navigates the current browser window to the provided ``url``.</doc>
<arguments>
<arg>${URL}</arg>
</arguments>
<msg timestamp="20200330 11:39:14.602" level="INFO">Opening url 'http://www.robotframeworktutorial.com/front-office/'</msg>
<status status="PASS" starttime="20200330 11:39:14.602" endtime="20200330 11:39:34.225"></status>
</kw>
<kw name="Sleep" library="BuiltIn">
<doc>Pauses the test executed for the given time.</doc>
<arguments>
<arg>1s</arg>
</arguments>
<msg timestamp="20200330 11:39:35.244" level="INFO">Slept 1 second</msg>
<status status="PASS" starttime="20200330 11:39:34.226" endtime="20200330 11:39:35.244"></status>
</kw>
<status status="PASS" starttime="20200330 11:39:14.602" endtime="20200330 11:39:35.244"></status>
</kw>
<kw name="Verify Page Loaded" library="Landing">
<kw name="Wait Until Page Contains Element" library="SeleniumLibrary">
<doc>Waits until the element ``locator`` appears on the current page.</doc>
<arguments>
<arg>${LANDING_NAVIGATION_ELEMENT}</arg>
</arguments>
<status status="PASS" starttime="20200330 11:39:35.244" endtime="20200330 11:39:35.291"></status>
</kw>
<status status="PASS" starttime="20200330 11:39:35.244" endtime="20200330 11:39:35.291"></status>
</kw>
<status status="PASS" starttime="20200330 11:39:14.602" endtime="20200330 11:39:35.291"></status>
</kw>
<kw name="Go to &quot;Team&quot; Page" library="FrontOfficeApp">
<kw name="Select &quot;Team&quot; Page" library="TopNav">
<kw name="Click Link" library="SeleniumLibrary">
<doc>Clicks a link identified by ``locator``.</doc>
<arguments>
<arg>${TOP_NAV_TEAM_LINK}</arg>
</arguments>
<msg timestamp="20200330 11:39:35.291" level="INFO">Clicking link 'Team'.</msg>
<status status="PASS" starttime="20200330 11:39:35.291" endtime="20200330 11:39:35.382"></status>
</kw>
<kw name="Sleep" library="BuiltIn">
<doc>Pauses the test executed for the given time.</doc>
<arguments>
<arg>1s</arg>
</arguments>
<msg timestamp="20200330 11:39:36.385" level="INFO">Slept 1 second</msg>
<status status="PASS" starttime="20200330 11:39:35.383" endtime="20200330 11:39:36.386"></status>
</kw>
<status status="PASS" starttime="20200330 11:39:35.291" endtime="20200330 11:39:36.387"></status>
</kw>
<kw name="Verify Page Loaded" library="Team">
<kw name="Wait Until Page Contains Element" library="SeleniumLibrary">
<doc>Waits until the element ``locator`` appears on the current page.</doc>
<arguments>
<arg>${TEAM_HEADER_LABEL}</arg>
</arguments>
<status status="PASS" starttime="20200330 11:39:36.389" endtime="20200330 11:39:36.431"></status>
</kw>
<status status="PASS" starttime="20200330 11:39:36.388" endtime="20200330 11:39:36.431"></status>
</kw>
<status status="PASS" starttime="20200330 11:39:35.291" endtime="20200330 11:39:36.432"></status>
</kw>
<kw name="Validate &quot;Team&quot;Page" library="FrontOfficeApp">
<kw name="Validate Page Contents" library="Team">
<kw name="Element Text Should Be" library="SeleniumLibrary">
<doc>Verifies that element ``locator`` contains exact the text ``expected``.</doc>
<arguments>
<arg>${TEAM_HEADER_LABEL}</arg>
<arg>Our Amazing Team</arg>
<arg>ignore_case=True</arg>
</arguments>
<msg timestamp="20200330 11:39:36.435" level="INFO">Verifying element 'xpath=//*[@id="team"]/div/div[1]/div/h2' contains exact text 'Our Amazing Team'.</msg>
<status status="PASS" starttime="20200330 11:39:36.434" endtime="20200330 11:39:36.497"></status>
</kw>
<status status="PASS" starttime="20200330 11:39:36.433" endtime="20200330 11:39:36.497"></status>
</kw>
<status status="PASS" starttime="20200330 11:39:36.432" endtime="20200330 11:39:36.497"></status>
</kw>
<kw name="End Web Test" library="Common" type="teardown">
<kw name="Close All Browsers" library="SeleniumLibrary">
<doc>Closes all open browsers and resets the browser cache.</doc>
<status status="PASS" starttime="20200330 11:39:36.498" endtime="20200330 11:39:38.953"></status>
</kw>
<status status="PASS" starttime="20200330 11:39:36.497" endtime="20200330 11:39:38.953"></status>
</kw>
<doc>This is test 2</doc>
<tags>
<tag>test2</tag>
</tags>
<status status="PASS" starttime="20200330 11:39:10.697" endtime="20200330 11:39:38.953" critical="yes"></status>
</test>
<doc>This Test Automation using Robot Framework</doc>
<status status="PASS" starttime="20200330 11:38:50.726" endtime="20200330 11:39:38.953"></status>
</suite>
<statistics>
<total>
<stat pass="2" fail="0">Critical Tests</stat>
<stat pass="2" fail="0">All Tests</stat>
</total>
<tag>
<stat pass="1" fail="0">test1</stat>
<stat pass="1" fail="0">test2</stat>
</tag>
<suite>
<stat pass="2" fail="0" id="s1" name="Front Office">Front Office</stat>
</suite>
</statistics>
<errors>
</errors>
</robot>
